
Showing logs for build [32mjenkins-x-labs-bot-bdd-gh-15861-qtjvl-1[0m stage [32mfrom-build-pack[0m and container [32mstep-credential-initializer-tpg4b[0m
{"level":"warn","ts":1586175558.3373444,"logger":"fallback-logger","caller":"logging/config.go:69","msg":"Fetch GitHub commit ID from kodata failed: \"ref: refs/heads/0.8.0-**-support-backwards-incompats\" is not a valid GitHub commit ID"}
{"level":"info","ts":1586175558.3378406,"logger":"fallback-logger","caller":"creds-init/main.go:40","msg":"Credentials initialized."}

Showing logs for build [32mjenkins-x-labs-bot-bdd-gh-15861-qtjvl-1[0m stage [32mfrom-build-pack[0m and container [32mstep-working-dir-initializer-wtd6s[0m
{"level":"warn","ts":1586175558.8783085,"logger":"fallback-logger","caller":"logging/config.go:69","msg":"Fetch GitHub commit ID from kodata failed: open /var/run/ko/HEAD: no such file or directory"}
{"level":"info","ts":1586175558.8793893,"logger":"fallback-logger","caller":"bash/main.go:64","msg":"Successfully executed command \"sh -c mkdir -p /workspace/source\"; output "}

Showing logs for build [32mjenkins-x-labs-bot-bdd-gh-15861-qtjvl-1[0m stage [32mfrom-build-pack[0m and container [32mstep-place-tools[0m

Showing logs for build [32mjenkins-x-labs-bot-bdd-gh-15861-qtjvl-1[0m stage [32mfrom-build-pack[0m and container [32mstep-git-source-jenkins-x-labs-bot-bdd-gh-15861-qtjvl-lkzmr[0m
{"level":"warn","ts":1586175565.0569282,"logger":"fallback-logger","caller":"logging/config.go:69","msg":"Fetch GitHub commit ID from kodata failed: \"ref: refs/heads/0.8.0-**-support-backwards-incompats\" is not a valid GitHub commit ID"}
{"level":"info","ts":1586175566.1049926,"logger":"fallback-logger","caller":"git/git.go:103","msg":"Successfully cloned https://github.com/******************/bdd-gh-1586175054.git @ master in path /workspace/source"}

Showing logs for build [32mjenkins-x-labs-bot-bdd-gh-15861-qtjvl-1[0m stage [32mfrom-build-pack[0m and container [32mstep-git-merge[0m
Using SHAs from PULL_REFS=master:2e014963f4bc40fb3db9a149c71cd44e95c97989,1:c50ead5c784b7af81145b018bf6ebad077594c3c
DEBUG: LC_ALL=C JX_LOG_LEVEL=error git fetch origin --unshallow c50ead5c784b7af81145b018bf6ebad077594c3c: 2e014963f4bc40fb3db9a149c71cd44e95c97989:
DEBUG: ran git fetch --unshallow origin c50ead5c784b7af81145b018bf6ebad077594c3c: 2e014963f4bc40fb3db9a149c71cd44e95c97989: in 
DEBUG: LC_ALL=C JX_LOG_LEVEL=error git branch
DEBUG: JX_LOG_LEVEL=error LC_ALL=C git checkout master
DEBUG: ran git checkout master in 
DEBUG: LC_ALL=C JX_LOG_LEVEL=error git reset --hard 2e014963f4bc40fb3db9a149c71cd44e95c97989
DEBUG: ran git reset --hard 2e014963f4bc40fb3db9a149c71cd44e95c97989 in 
DEBUG: LC_ALL=C JX_LOG_LEVEL=error git clean -fd .
DEBUG: ran clean --force -d . in 
DEBUG: LC_ALL=C JX_LOG_LEVEL=error git merge c50ead5c784b7af81145b018bf6ebad077594c3c
DEBUG: ran git merge c50ead5c784b7af81145b018bf6ebad077594c3c in 
DEBUG: JX_LOG_LEVEL=error LC_ALL=C git log --format=%H%x1f%an%x1f%ae%x1f%cn%x1f%ce%x1f%s%n%b%x1e 2e014963f4bc40fb3db9a149c71cd44e95c97989..HEAD
Merged SHA c50ead5c784b7af81145b018bf6ebad077594c3c with commit message 'My first PR commit' into base branch master

Showing logs for build [32mjenkins-x-labs-bot-bdd-gh-15861-qtjvl-1[0m stage [32mfrom-build-pack[0m and container [32mstep-build-make-linux[0m
CGO_ENABLED=0 GOOS=linux GOARCH=amd64 GO15VENDOREXPERIMENT=1 go build -ldflags '' -o bin/bdd-gh-1586175054 main.go

Showing logs for build [32mjenkins-x-labs-bot-bdd-gh-15861-qtjvl-1[0m stage [32mfrom-build-pack[0m and container [32mstep-build-container-build[0m
ERROR: logging before flag.Parse: E0406 12:19:32.882777      12 metadata.go:241] Failed to unmarshal scopes: invalid character 'h' looking for beginning of value
[36mINFO[0m[0000] No base image, nothing to extract            
[36mINFO[0m[0000] cmd: EXPOSE                                  
[36mINFO[0m[0000] Adding exposed port: 8080/tcp                
[36mINFO[0m[0000] Using files from context: [/workspace/source/bin] 
[36mINFO[0m[0000] Skipping unpacking as no commands require it. 
[36mINFO[0m[0000] Taking snapshot of full filesystem...        
[36mINFO[0m[0000] EXPOSE 8080                                  
[36mINFO[0m[0000] cmd: EXPOSE                                  
[36mINFO[0m[0000] Adding exposed port: 8080/tcp                
[36mINFO[0m[0000] No files changed in this command, skipping snapshotting. 
[36mINFO[0m[0000] ENTRYPOINT ["/bdd-gh-1586175054"]            
[36mINFO[0m[0000] No files changed in this command, skipping snapshotting. 
[36mINFO[0m[0000] Using files from context: [/workspace/source/bin] 
[36mINFO[0m[0000] COPY ./bin/ /                                
[36mINFO[0m[0000] Taking snapshot of files...                  
2020/04/06 12:19:36 pushed blob: sha256:37722cbb9522c4d3e1e0899fb789b8c9f2c5e2a3ab4bc1e5e02a27f181bc80d0
2020/04/06 12:19:36 pushed blob: sha256:a2b64d0d8e05c20edfad8130d3b164f9ad9fa69f757efde67dbb19d5ba8b4d77
2020/04/06 12:19:38 gcr.io/jenkins-x-labs-bdd/bdd-gh-1586175054:0.0.0-SNAPSHOT-PR-1-1: digest: sha256:c4f3d446af77b20c4e127785e109337f5ab973c85ce79b72af9de5829b116fab size: 428

Showing logs for build [32mjenkins-x-labs-bot-bdd-gh-15861-qtjvl-1[0m stage [32mfrom-build-pack[0m and container [32mstep-postbuild-post-build[0m
no CVE provider running in the current ** namespace so skip adding image to be analysed

Showing logs for build [32mjenkins-x-labs-bot-bdd-gh-15861-qtjvl-1[0m stage [32mfrom-build-pack[0m and container [32mstep-promote-make-preview[0m
sed -i -e "s/version:.*/version: 0.0.0-SNAPSHOT-PR-1-1/" Chart.yaml
sed -i -e "s/version:.*/version: 0.0.0-SNAPSHOT-PR-1-1/" ../*/Chart.yaml
sed -i -e "s|repository:.*|repository: gcr.io\/jenkins-x-labs-bdd\/bdd-gh-1586175054|" values.yaml
sed -i -e "s/tag:.*/tag: 0.0.0-SNAPSHOT-PR-1-1/" values.yaml
echo "  version: 0.0.0-SNAPSHOT-PR-1-1" >> requirements.yaml
** step helm build
WARNING: No $CHART_REPOSITORY defined so using the default value of: http://jenkins-x-chartmuseum:8080
Adding missing Helm repo: storage.googleapis.com https://storage.googleapis.com/chartmuseum.jenkins-x.io
Successfully added Helm repository storage.googleapis.com.
Adding missing Helm repo: jenkins-x-chartmuseum http://jenkins-x-chartmuseum:8080
Successfully added Helm repository jenkins-x-chartmuseum.
WARNING: No $CHART_REPOSITORY defined so using the default value of: http://jenkins-x-chartmuseum:8080

Showing logs for build [32mjenkins-x-labs-bot-bdd-gh-15861-qtjvl-1[0m stage [32mfrom-build-pack[0m and container [32mstep-promote-jx-preview[0m
Creating a preview
Created environment ******************-bdd-gh-1586175054-pr-1
Namespace **-******************-bdd-gh-1586175054-pr-1 created 
expose:
  Annotations:
    helm.sh/hook: post-install,post-upgrade
    helm.sh/hook-delete-policy: hook-succeeded
  config:
    domain: 34.77.193.218.nip.io
    exposer: Ingress
    http: "true"
preview:
  image:
    repository: gcr.io/jenkins-x-labs-bdd/bdd-gh-1586175054
    tag: 0.0.0-SNAPSHOT-PR-1-1
adding helm values file /workspace/source/charts/preview/**Requirements.values.yaml for namespace **-******************-bdd-gh-1586175054-pr-1
Updating PipelineActivities ******************-bdd-gh-1586175054-pr-1-1 which has status Running
WARNING: preview application http://bdd-gh-1586175054-**-******************-bdd-gh-1586175054-pr-1.34.77.193.218.nip.io not available, error was 503 503 Service Temporarily Unavailable, delaying for: 1.252573036s
WARNING: preview application http://bdd-gh-1586175054-**-******************-bdd-gh-1586175054-pr-1.34.77.193.218.nip.io not available, error was 503 503 Service Temporarily Unavailable, delaying for: 1.795078749s
Preview application is now available at: http://bdd-gh-1586175054-**-******************-bdd-gh-1586175054-pr-1.34.77.193.218.nip.io
